<?xml version="1.0" encoding="UTF-8"?>
<!-- Generated by org.testng.reporters.JUnitReportReporter -->
<testsuite hostname="DESKTOP-J77L1O0" failures="0" tests="1" name="Test.LoginTest" time="0.012" errors="0" timestamp="2022-09-15T18:00:42 IST" skipped="0">
  <testcase classname="Test.LoginTest" name="test" time="0.012"/>
  <system-out>
test  </system-out>
</testsuite> <!-- Test.LoginTest -->
