<?xml version="1.0" encoding="UTF-8"?>
<!-- Generated by org.testng.reporters.JUnitReportReporter -->
<testsuite hostname="DESKTOP-J77L1O0" failures="0" tests="1" name="Test.LoginFromChrome" time="0.009" errors="0" timestamp="2022-09-16T21:01:24 IST" skipped="0">
  <testcase classname="Test.LoginFromChrome" name="chromeLogin" time="0.009"/>
  <system-out/>
</testsuite> <!-- Test.LoginFromChrome -->
