<?xml version="1.0" encoding="UTF-8"?>
<!-- Generated by org.testng.reporters.JUnitReportReporter -->
<testsuite hostname="DESKTOP-J77L1O0" failures="0" tests="1" name="Test.Browser" time="0.000" errors="0" timestamp="2022-09-17T08:21:23 IST" skipped="1">
  <testcase classname="Test.Browser" name="LoginPage" time="0.000">
    <skipped/>
  </testcase> <!-- LoginPage -->
  <system-out/>
</testsuite> <!-- Test.Browser -->
