<?xml version="1.0" encoding="UTF-8"?>
<!-- Generated by org.testng.reporters.JUnitReportReporter -->
<testsuite hostname="DESKTOP-J77L1O0" failures="0" tests="4" name="Test.LoginTest" time="0.031" errors="0" timestamp="2022-09-15T18:11:49 IST" skipped="0">
  <testcase classname="Test.LoginTest" name="test3" time="0.006"/>
  <system-out>
test 3  </system-out>
  <testcase classname="Test.LoginTest" name="test2" time="0.008"/>
  <system-out>
test 2  </system-out>
  <testcase classname="Test.LoginTest" name="test3" time="0.009"/>
  <system-out>
test 3  </system-out>
  <testcase classname="Test.LoginTest" name="test" time="0.008"/>
  <system-out>
test  </system-out>
</testsuite> <!-- Test.LoginTest -->
