<?xml version="1.0" encoding="UTF-8"?>
<!-- Generated by org.testng.reporters.JUnitReportReporter -->
<testsuite hostname="DESKTOP-J77L1O0" failures="0" tests="1" name="Test.LoginFromChrome" time="8.463" errors="0" timestamp="2022-09-15T23:51:24 IST" skipped="0">
  <testcase classname="Test.LoginFromChrome" name="chromeLogin" time="8.463"/>
  <system-out/>
</testsuite> <!-- Test.LoginFromChrome -->
